Start testing: Jan 24 21:08 UTC
----------------------------------------------------------
1/8 Testing: test_core
1/8 Test: test_core
Command: "/home/ubuntu/Builds/virt-manager/qvirt-manager/build/tests/unit/test_core"
Directory: /home/ubuntu/Builds/virt-manager/qvirt-manager/build/tests/unit
"test_core" start time: Jan 24 21:08 UTC
Output:
----------------------------------------------------------
********* Start testing of TestBaseObject *********
Config: Using QtTest library 5.12.8, Qt 5.12.8 (arm64-little_endian-lp64 shared (dynamic) release build; by GCC 9.3.0)
PASS   : TestBaseObject::initTestCase()
PASS   : TestBaseObject::testConstruction()
PASS   : TestBaseObject::testObjectName()
PASS   : TestBaseObject::testParentChild()
PASS   : TestBaseObject::cleanupTestCase()
Totals: 5 passed, 0 failed, 0 skipped, 0 blacklisted, 0ms
********* Finished testing of TestBaseObject *********
<end of output>
Test time =   0.01 sec
----------------------------------------------------------
Test Passed.
"test_core" end time: Jan 24 21:08 UTC
"test_core" time elapsed: 00:00:00
----------------------------------------------------------

2/8 Testing: test_config
2/8 Test: test_config
Command: "/home/ubuntu/Builds/virt-manager/qvirt-manager/build/tests/unit/test_config"
Directory: /home/ubuntu/Builds/virt-manager/qvirt-manager/build/tests/unit
"test_config" start time: Jan 24 21:08 UTC
Output:
----------------------------------------------------------
********* Start testing of TestConfig *********
Config: Using QtTest library 5.12.8, Qt 5.12.8 (arm64-little_endian-lp64 shared (dynamic) release build; by GCC 9.3.0)
PASS   : TestConfig::initTestCase()
PASS   : TestConfig::testSingleton()
PASS   : TestConfig::testConnectionURIs()
PASS   : TestConfig::testAutoconnect()
PASS   : TestConfig::testDefaultValue()
PASS   : TestConfig::testClear()
PASS   : TestConfig::testPollingIntervals()
PASS   : TestConfig::testConsoleSettings()
PASS   : TestConfig::cleanupTestCase()
Totals: 9 passed, 0 failed, 0 skipped, 0 blacklisted, 0ms
********* Finished testing of TestConfig *********
<end of output>
Test time =   0.01 sec
----------------------------------------------------------
Test Passed.
"test_config" end time: Jan 24 21:08 UTC
"test_config" time elapsed: 00:00:00
----------------------------------------------------------

3/8 Testing: test_devices
3/8 Test: test_devices
Command: "/home/ubuntu/Builds/virt-manager/qvirt-manager/build/tests/unit/test_devices"
Directory: /home/ubuntu/Builds/virt-manager/qvirt-manager/build/tests/unit
"test_devices" start time: Jan 24 21:08 UTC
Output:
----------------------------------------------------------
********* Start testing of TestDevices *********
Config: Using QtTest library 5.12.8, Qt 5.12.8 (arm64-little_endian-lp64 shared (dynamic) release build; by GCC 9.3.0)
PASS   : TestDevices::initTestCase()
PASS   : TestDevices::testDiskDevice()
PASS   : TestDevices::testDiskDeviceXML()
PASS   : TestDevices::testNetworkDevice()
PASS   : TestDevices::testNetworkDeviceXML()
PASS   : TestDevices::testControllerDevice()
PASS   : TestDevices::testControllerDeviceXML()
PASS   : TestDevices::testDeviceProperties()
PASS   : TestDevices::cleanupTestCase()
Totals: 9 passed, 0 failed, 0 skipped, 0 blacklisted, 1ms
********* Finished testing of TestDevices *********
<end of output>
Test time =   0.01 sec
----------------------------------------------------------
Test Passed.
"test_devices" end time: Jan 24 21:08 UTC
"test_devices" time elapsed: 00:00:00
----------------------------------------------------------

4/8 Testing: test_enummapper
4/8 Test: test_enummapper
Command: "/home/ubuntu/Builds/virt-manager/qvirt-manager/build/tests/unit/test_enummapper"
Directory: /home/ubuntu/Builds/virt-manager/qvirt-manager/build/tests/unit
"test_enummapper" start time: Jan 24 21:08 UTC
Output:
----------------------------------------------------------
********* Start testing of TestEnumMapper *********
Config: Using QtTest library 5.12.8, Qt 5.12.8 (arm64-little_endian-lp64 shared (dynamic) release build; by GCC 9.3.0)
PASS   : TestEnumMapper::initTestCase()
PASS   : TestEnumMapper::testStateToString()
PASS   : TestEnumMapper::testDomainStateStrings()
PASS   : TestEnumMapper::testNetworkStateStrings()
PASS   : TestEnumMapper::testStoragePoolStateStrings()
PASS   : TestEnumMapper::testAllStatesCovered()
PASS   : TestEnumMapper::cleanupTestCase()
Totals: 7 passed, 0 failed, 0 skipped, 0 blacklisted, 0ms
********* Finished testing of TestEnumMapper *********
<end of output>
Test time =   0.02 sec
----------------------------------------------------------
Test Passed.
"test_enummapper" end time: Jan 24 21:08 UTC
"test_enummapper" time elapsed: 00:00:00
----------------------------------------------------------

5/8 Testing: test_graphwidget
5/8 Test: test_graphwidget
Command: "/home/ubuntu/Builds/virt-manager/qvirt-manager/build/tests/unit/test_graphwidget"
Directory: /home/ubuntu/Builds/virt-manager/qvirt-manager/build/tests/unit
"test_graphwidget" start time: Jan 24 21:08 UTC
Output:
----------------------------------------------------------
********* Start testing of TestGraphWidget *********
Config: Using QtTest library 5.12.8, Qt 5.12.8 (arm64-little_endian-lp64 shared (dynamic) release build; by GCC 9.3.0)
PASS   : TestGraphWidget::initTestCase()
PASS   : TestGraphWidget::testConstruction()
PASS   : TestGraphWidget::testAddValue()
PASS   : TestGraphWidget::testClear()
PASS   : TestGraphWidget::testMaxDataPoints()
PASS   : TestGraphWidget::testTitle()
PASS   : TestGraphWidget::testGraphColor()
PASS   : TestGraphWidget::testGraphTypes()
PASS   : TestGraphWidget::testSparklineGeneration()
PASS   : TestGraphWidget::cleanupTestCase()
Totals: 10 passed, 0 failed, 0 skipped, 0 blacklisted, 7ms
********* Finished testing of TestGraphWidget *********
<end of output>
Test time =   0.03 sec
----------------------------------------------------------
Test Passed.
"test_graphwidget" end time: Jan 24 21:08 UTC
"test_graphwidget" time elapsed: 00:00:00
----------------------------------------------------------

6/8 Testing: test_connection_lifecycle
6/8 Test: test_connection_lifecycle
Command: "/home/ubuntu/Builds/virt-manager/qvirt-manager/build/tests/integration/test_connection_lifecycle"
Directory: /home/ubuntu/Builds/virt-manager/qvirt-manager/build/tests/integration
"test_connection_lifecycle" start time: Jan 24 21:08 UTC
Output:
----------------------------------------------------------
********* Start testing of TestConnectionLifecycle *********
Config: Using QtTest library 5.12.8, Qt 5.12.8 (arm64-little_endian-lp64 shared (dynamic) release build; by GCC 9.3.0)
libvirt: XML-RPC error : Failed to connect socket to '/run/user/1001/libvirt/libvirt-sock': No such file or directory
SKIP   : TestConnectionLifecycle::initTestCase() libvirt not available or not running
   Loc: [/home/ubuntu/Builds/virt-manager/qvirt-manager/tests/integration/test_connection_lifecycle.cpp(46)]
PASS   : TestConnectionLifecycle::cleanupTestCase()
Totals: 1 passed, 0 failed, 1 skipped, 0 blacklisted, 5035ms
********* Finished testing of TestConnectionLifecycle *********
<end of output>
Test time =   5.06 sec
----------------------------------------------------------
Test Passed.
"test_connection_lifecycle" end time: Jan 24 21:08 UTC
"test_connection_lifecycle" time elapsed: 00:00:05
----------------------------------------------------------

7/8 Testing: test_vm_operations
7/8 Test: test_vm_operations
Command: "/home/ubuntu/Builds/virt-manager/qvirt-manager/build/tests/integration/test_vm_operations"
Directory: /home/ubuntu/Builds/virt-manager/qvirt-manager/build/tests/integration
"test_vm_operations" start time: Jan 24 21:08 UTC
Output:
----------------------------------------------------------
********* Start testing of TestVMOperations *********
Config: Using QtTest library 5.12.8, Qt 5.12.8 (arm64-little_endian-lp64 shared (dynamic) release build; by GCC 9.3.0)
libvirt: XML-RPC error : Failed to connect socket to '/run/user/1001/libvirt/libvirt-sock': No such file or directory
QWARN  : TestVMOperations::initTestCase() Failed to connect to "qemu:///session"
SKIP   : TestVMOperations::initTestCase() Could not open session connection
   Loc: [/home/ubuntu/Builds/virt-manager/qvirt-manager/tests/integration/test_vm_operations.cpp(48)]
PASS   : TestVMOperations::cleanupTestCase()
Totals: 1 passed, 0 failed, 1 skipped, 0 blacklisted, 5037ms
********* Finished testing of TestVMOperations *********
<end of output>
Test time =   5.06 sec
----------------------------------------------------------
Test Passed.
"test_vm_operations" end time: Jan 24 21:08 UTC
"test_vm_operations" time elapsed: 00:00:05
----------------------------------------------------------

8/8 Testing: test_ui_workflow
8/8 Test: test_ui_workflow
Command: "/home/ubuntu/Builds/virt-manager/qvirt-manager/build/tests/integration/test_ui_workflow"
Directory: /home/ubuntu/Builds/virt-manager/qvirt-manager/build/tests/integration
"test_ui_workflow" start time: Jan 24 21:08 UTC
Output:
----------------------------------------------------------
********* Start testing of TestUIWorkflow *********
Config: Using QtTest library 5.12.8, Qt 5.12.8 (arm64-little_endian-lp64 shared (dynamic) release build; by GCC 9.3.0)
PASS   : TestUIWorkflow::initTestCase()
PASS   : TestUIWorkflow::testConfigInitialization()
PASS   : TestUIWorkflow::testEngineSingleton()
QWARN  : TestUIWorkflow::testManagerWindowCreation() QObject::connect: No such slot QVirt::ManagerWindow::openConsole()
PASS   : TestUIWorkflow::testManagerWindowCreation()
PASS   : TestUIWorkflow::testConfigPersistence()
PASS   : TestUIWorkflow::cleanupTestCase()
Totals: 6 passed, 0 failed, 0 skipped, 0 blacklisted, 23ms
********* Finished testing of TestUIWorkflow *********
<end of output>
Test time =   0.05 sec
----------------------------------------------------------
Test Passed.
"test_ui_workflow" end time: Jan 24 21:08 UTC
"test_ui_workflow" time elapsed: 00:00:00
----------------------------------------------------------

End testing: Jan 24 21:08 UTC
